{"C:\\Users\\1\\OneDrive\\Рабочий стол\\Otus\\КУРС JS PROFESSIONAL\\Book_Library\\book-library\\src\\test-utils.jsx": {"path":"C:\\Users\\1\\OneDrive\\Рабочий стол\\Otus\\КУРС JS PROFESSIONAL\\Book_Library\\book-library\\src\\test-utils.jsx","statementMap":{"0":{"start":{"line":9,"column":8},"end":{"line":11,"column":null}},"1":{"start":{"line":13,"column":2},"end":{"line":20,"column":null}}},"fnMap":{"0":{"name":"renderWithProviders","decl":{"start":{"line":8,"column":16},"end":{"line":8,"column":36}},"loc":{"start":{"line":8,"column":53},"end":{"line":21,"column":null}},"line":8}},"branchMap":{"0":{"loc":{"start":{"line":8,"column":40},"end":{"line":8,"column":53}},"type":"default-arg","locations":[{"start":{"line":8,"column":48},"end":{"line":8,"column":53}}],"line":8}},"s":{"0":6,"1":6},"f":{"0":6},"b":{"0":[6]},"meta":{"lastBranch":1,"lastFunction":1,"lastStatement":2,"seen":{"f:8:16:8:36":0,"b:8:48:8:53":0,"s:9:8:11:Infinity":0,"s:13:2:20:Infinity":1},"fnNames":{}}}
,"C:\\Users\\1\\OneDrive\\Рабочий стол\\Otus\\КУРС JS PROFESSIONAL\\Book_Library\\book-library\\src\\app\\hooks.js": {"path":"C:\\Users\\1\\OneDrive\\Рабочий стол\\Otus\\КУРС JS PROFESSIONAL\\Book_Library\\book-library\\src\\app\\hooks.js","statementMap":{"0":{"start":{"line":3,"column":30},"end":{"line":3,"column":null}},"1":{"start":{"line":4,"column":30},"end":{"line":4,"column":null}}},"fnMap":{},"branchMap":{},"s":{"0":3,"1":3},"f":{},"b":{},"meta":{"lastBranch":0,"lastFunction":0,"lastStatement":2,"seen":{"s:3:30:3:Infinity":0,"s:4:30:4:Infinity":1},"fnNames":{}}}
,"C:\\Users\\1\\OneDrive\\Рабочий стол\\Otus\\КУРС JS PROFESSIONAL\\Book_Library\\book-library\\src\\components\\BookCard.jsx": {"path":"C:\\Users\\1\\OneDrive\\Рабочий стол\\Otus\\КУРС JS PROFESSIONAL\\Book_Library\\book-library\\src\\components\\BookCard.jsx","statementMap":{"0":{"start":{"line":6,"column":8},"end":{"line":6,"column":null}},"1":{"start":{"line":8,"column":2},"end":{"line":26,"column":null}},"2":{"start":{"line":23,"column":29},"end":{"line":23,"column":58}}},"fnMap":{"0":{"name":"BookCard","decl":{"start":{"line":5,"column":16},"end":{"line":5,"column":25}},"loc":{"start":{"line":5,"column":35},"end":{"line":28,"column":null}},"line":5},"1":{"name":"(anonymous_1)","decl":{"start":{"line":23,"column":14},"end":{"line":23,"column":29}},"loc":{"start":{"line":23,"column":29},"end":{"line":23,"column":58}},"line":23}},"branchMap":{"0":{"loc":{"start":{"line":21,"column":17},"end":{"line":21,"column":58}},"type":"binary-expr","locations":[{"start":{"line":21,"column":17},"end":{"line":21,"column":42}},{"start":{"line":21,"column":42},"end":{"line":21,"column":58}}],"line":21},"1":{"loc":{"start":{"line":22,"column":15},"end":{"line":22,"column":58}},"type":"binary-expr","locations":[{"start":{"line":22,"column":15},"end":{"line":22,"column":42}},{"start":{"line":22,"column":42},"end":{"line":22,"column":58}}],"line":22}},"s":{"0":3,"1":3,"2":1},"f":{"0":3,"1":1},"b":{"0":[3,0],"1":[3,0]},"meta":{"lastBranch":2,"lastFunction":2,"lastStatement":3,"seen":{"f:5:16:5:25":0,"s:6:8:6:Infinity":0,"s:8:2:26:Infinity":1,"b:21:17:21:42:21:42:21:58":0,"b:22:15:22:42:22:42:22:58":1,"f:23:14:23:29":1,"s:23:29:23:58":2},"fnNames":{}}}
,"C:\\Users\\1\\OneDrive\\Рабочий стол\\Otus\\КУРС JS PROFESSIONAL\\Book_Library\\book-library\\src\\components\\BookList.jsx": {"path":"C:\\Users\\1\\OneDrive\\Рабочий стол\\Otus\\КУРС JS PROFESSIONAL\\Book_Library\\book-library\\src\\components\\BookList.jsx","statementMap":{"0":{"start":{"line":6,"column":8},"end":{"line":6,"column":null}},"1":{"start":{"line":8,"column":4},"end":{"line":10,"column":null}},"2":{"start":{"line":11,"column":25},"end":{"line":11,"column":null}},"3":{"start":{"line":12,"column":16},"end":{"line":12,"column":null}},"4":{"start":{"line":14,"column":2},"end":{"line":24,"column":null}},"5":{"start":{"line":22,"column":8},"end":{"line":22,"column":null}}},"fnMap":{"0":{"name":"BookList","decl":{"start":{"line":5,"column":16},"end":{"line":5,"column":25}},"loc":{"start":{"line":5,"column":37},"end":{"line":26,"column":null}},"line":5},"1":{"name":"(anonymous_1)","decl":{"start":{"line":21,"column":13},"end":{"line":21,"column":18}},"loc":{"start":{"line":22,"column":8},"end":{"line":22,"column":null}},"line":22}},"branchMap":{"0":{"loc":{"start":{"line":8,"column":4},"end":{"line":10,"column":null}},"type":"cond-expr","locations":[{"start":{"line":9,"column":8},"end":{"line":9,"column":null}},{"start":{"line":10,"column":8},"end":{"line":10,"column":null}}],"line":8},"1":{"loc":{"start":{"line":12,"column":16},"end":{"line":12,"column":null}},"type":"binary-expr","locations":[{"start":{"line":12,"column":16},"end":{"line":12,"column":30}},{"start":{"line":12,"column":30},"end":{"line":12,"column":null}}],"line":12},"2":{"loc":{"start":{"line":16,"column":7},"end":{"line":16,"column":null}},"type":"binary-expr","locations":[{"start":{"line":16,"column":7},"end":{"line":16,"column":18}},{"start":{"line":16,"column":18},"end":{"line":16,"column":null}}],"line":16},"3":{"loc":{"start":{"line":17,"column":7},"end":{"line":17,"column":null}},"type":"binary-expr","locations":[{"start":{"line":17,"column":7},"end":{"line":17,"column":16}},{"start":{"line":17,"column":16},"end":{"line":17,"column":null}}],"line":17},"4":{"loc":{"start":{"line":18,"column":7},"end":{"line":19,"column":null}},"type":"binary-expr","locations":[{"start":{"line":18,"column":7},"end":{"line":18,"column":19}},{"start":{"line":18,"column":19},"end":{"line":18,"column":50}},{"start":{"line":18,"column":50},"end":{"line":18,"column":null}},{"start":{"line":19,"column":8},"end":{"line":19,"column":null}}],"line":18}},"s":{"0":6,"1":6,"2":6,"3":6,"4":6,"5":1},"f":{"0":6,"1":1},"b":{"0":[6,0],"1":[6,5],"2":[6,2],"3":[6,1],"4":[6,4,4,3]},"meta":{"lastBranch":5,"lastFunction":2,"lastStatement":6,"seen":{"f:5:16:5:25":0,"s:6:8:6:Infinity":0,"s:8:4:10:Infinity":1,"b:9:8:9:Infinity:10:8:10:Infinity":0,"s:11:25:11:Infinity":2,"s:12:16:12:Infinity":3,"b:12:16:12:30:12:30:12:Infinity":1,"s:14:2:24:Infinity":4,"b:16:7:16:18:16:18:16:Infinity":2,"b:17:7:17:16:17:16:17:Infinity":3,"b:18:7:18:19:18:19:18:50:18:50:18:Infinity:19:8:19:Infinity":4,"f:21:13:21:18":1,"s:22:8:22:Infinity":5},"fnNames":{}}}
,"C:\\Users\\1\\OneDrive\\Рабочий стол\\Otus\\КУРС JS PROFESSIONAL\\Book_Library\\book-library\\src\\components\\Search.jsx": {"path":"C:\\Users\\1\\OneDrive\\Рабочий стол\\Otus\\КУРС JS PROFESSIONAL\\Book_Library\\book-library\\src\\components\\Search.jsx","statementMap":{"0":{"start":{"line":6,"column":8},"end":{"line":6,"column":null}},"1":{"start":{"line":7,"column":8},"end":{"line":7,"column":null}},"2":{"start":{"line":7,"column":43},"end":{"line":7,"column":62}},"3":{"start":{"line":8,"column":8},"end":{"line":8,"column":null}},"4":{"start":{"line":10,"column":2},"end":{"line":18,"column":null}},"5":{"start":{"line":14,"column":25},"end":{"line":14,"column":null}}},"fnMap":{"0":{"name":"Search","decl":{"start":{"line":5,"column":16},"end":{"line":5,"column":25}},"loc":{"start":{"line":5,"column":25},"end":{"line":20,"column":null}},"line":5},"1":{"name":"(anonymous_1)","decl":{"start":{"line":7,"column":17},"end":{"line":7,"column":33}},"loc":{"start":{"line":7,"column":43},"end":{"line":7,"column":62}},"line":7},"2":{"name":"(anonymous_2)","decl":{"start":{"line":14,"column":8},"end":{"line":14,"column":19}},"loc":{"start":{"line":14,"column":25},"end":{"line":14,"column":null}},"line":14}},"branchMap":{},"s":{"0":14,"1":14,"2":28,"3":14,"4":14,"5":12},"f":{"0":14,"1":28,"2":12},"b":{},"meta":{"lastBranch":0,"lastFunction":3,"lastStatement":6,"seen":{"f:5:16:5:25":0,"s:6:8:6:Infinity":0,"s:7:8:7:Infinity":1,"f:7:17:7:33":1,"s:7:43:7:62":2,"s:8:8:8:Infinity":3,"s:10:2:18:Infinity":4,"f:14:8:14:19":2,"s:14:25:14:Infinity":5},"fnNames":{}}}
,"C:\\Users\\1\\OneDrive\\Рабочий стол\\Otus\\КУРС JS PROFESSIONAL\\Book_Library\\book-library\\src\\features\\favorites\\favoritesSlice.js": {"path":"C:\\Users\\1\\OneDrive\\Рабочий стол\\Otus\\КУРС JS PROFESSIONAL\\Book_Library\\book-library\\src\\features\\favorites\\favoritesSlice.js","statementMap":{"0":{"start":{"line":3,"column":21},"end":{"line":5,"column":null}},"1":{"start":{"line":7,"column":6},"end":{"line":25,"column":null}},"2":{"start":{"line":12,"column":21},"end":{"line":14,"column":null}},"3":{"start":{"line":13,"column":18},"end":{"line":13,"column":null}},"4":{"start":{"line":16,"column":6},"end":{"line":18,"column":null}},"5":{"start":{"line":17,"column":8},"end":{"line":17,"column":null}},"6":{"start":{"line":22,"column":6},"end":{"line":22,"column":null}},"7":{"start":{"line":22,"column":49},"end":{"line":22,"column":76}},"8":{"start":{"line":27,"column":47},"end":{"line":27,"column":null}}},"fnMap":{"0":{"name":"addFavorite","decl":{"start":{"line":11,"column":4},"end":{"line":11,"column":16}},"loc":{"start":{"line":11,"column":31},"end":{"line":19,"column":null}},"line":11},"1":{"name":"(anonymous_1)","decl":{"start":{"line":12,"column":33},"end":{"line":12,"column":null}},"loc":{"start":{"line":13,"column":18},"end":{"line":13,"column":null}},"line":13},"2":{"name":"removeFavorite","decl":{"start":{"line":21,"column":4},"end":{"line":21,"column":19}},"loc":{"start":{"line":21,"column":34},"end":{"line":23,"column":null}},"line":21},"3":{"name":"(anonymous_3)","decl":{"start":{"line":22,"column":32},"end":{"line":22,"column":40}},"loc":{"start":{"line":22,"column":49},"end":{"line":22,"column":76}},"line":22}},"branchMap":{"0":{"loc":{"start":{"line":16,"column":6},"end":{"line":18,"column":null}},"type":"if","locations":[{"start":{"line":16,"column":6},"end":{"line":18,"column":null}},{"start":{},"end":{}}],"line":16}},"s":{"0":4,"1":4,"2":3,"3":1,"4":3,"5":2,"6":1,"7":1,"8":4},"f":{"0":3,"1":1,"2":1,"3":1},"b":{"0":[2,1]},"meta":{"lastBranch":1,"lastFunction":4,"lastStatement":9,"seen":{"s:3:21:5:Infinity":0,"s:7:6:25:Infinity":1,"f:11:4:11:16":0,"s:12:21:14:Infinity":2,"f:12:33:12:Infinity":1,"s:13:18:13:Infinity":3,"b:16:6:18:Infinity:undefined:undefined:undefined:undefined":0,"s:16:6:18:Infinity":4,"s:17:8:17:Infinity":5,"f:21:4:21:19":2,"s:22:6:22:Infinity":6,"f:22:32:22:40":3,"s:22:49:22:76":7,"s:27:47:27:Infinity":8},"fnNames":{}}}
,"C:\\Users\\1\\OneDrive\\Рабочий стол\\Otus\\КУРС JS PROFESSIONAL\\Book_Library\\book-library\\src\\features\\search\\searchSlice.js": {"path":"C:\\Users\\1\\OneDrive\\Рабочий стол\\Otus\\КУРС JS PROFESSIONAL\\Book_Library\\book-library\\src\\features\\search\\searchSlice.js","statementMap":{"0":{"start":{"line":3,"column":21},"end":{"line":5,"column":null}},"1":{"start":{"line":7,"column":6},"end":{"line":17,"column":null}},"2":{"start":{"line":14,"column":6},"end":{"line":14,"column":null}},"3":{"start":{"line":19,"column":29},"end":{"line":19,"column":null}}},"fnMap":{"0":{"name":"setSearch","decl":{"start":{"line":13,"column":4},"end":{"line":13,"column":14}},"loc":{"start":{"line":13,"column":29},"end":{"line":15,"column":null}},"line":13}},"branchMap":{},"s":{"0":3,"1":3,"2":12,"3":3},"f":{"0":12},"b":{},"meta":{"lastBranch":0,"lastFunction":1,"lastStatement":4,"seen":{"s:3:21:5:Infinity":0,"s:7:6:17:Infinity":1,"f:13:4:13:14":0,"s:14:6:14:Infinity":2,"s:19:29:19:Infinity":3},"fnNames":{}}}
,"C:\\Users\\1\\OneDrive\\Рабочий стол\\Otus\\КУРС JS PROFESSIONAL\\Book_Library\\book-library\\src\\hooks\\useDebounce.js": {"path":"C:\\Users\\1\\OneDrive\\Рабочий стол\\Otus\\КУРС JS PROFESSIONAL\\Book_Library\\book-library\\src\\hooks\\useDebounce.js","statementMap":{"0":{"start":{"line":4,"column":25},"end":{"line":4,"column":null}},"1":{"start":{"line":6,"column":2},"end":{"line":11,"column":null}},"2":{"start":{"line":7,"column":15},"end":{"line":9,"column":null}},"3":{"start":{"line":8,"column":6},"end":{"line":8,"column":null}},"4":{"start":{"line":10,"column":4},"end":{"line":10,"column":null}},"5":{"start":{"line":10,"column":17},"end":{"line":10,"column":null}},"6":{"start":{"line":13,"column":2},"end":{"line":13,"column":null}}},"fnMap":{"0":{"name":"useDebounce","decl":{"start":{"line":3,"column":16},"end":{"line":3,"column":28}},"loc":{"start":{"line":3,"column":48},"end":{"line":14,"column":null}},"line":3},"1":{"name":"(anonymous_1)","decl":{"start":{"line":6,"column":2},"end":{"line":6,"column":18}},"loc":{"start":{"line":6,"column":18},"end":{"line":11,"column":5}},"line":6},"2":{"name":"(anonymous_2)","decl":{"start":{"line":7,"column":15},"end":{"line":7,"column":32}},"loc":{"start":{"line":7,"column":32},"end":{"line":9,"column":7}},"line":7},"3":{"name":"(anonymous_3)","decl":{"start":{"line":10,"column":4},"end":{"line":10,"column":17}},"loc":{"start":{"line":10,"column":17},"end":{"line":10,"column":null}},"line":10}},"branchMap":{"0":{"loc":{"start":{"line":3,"column":35},"end":{"line":3,"column":48}},"type":"default-arg","locations":[{"start":{"line":3,"column":43},"end":{"line":3,"column":48}}],"line":3}},"s":{"0":23,"1":23,"2":18,"3":1,"4":18,"5":18,"6":23},"f":{"0":23,"1":18,"2":1,"3":18},"b":{"0":[23]},"meta":{"lastBranch":1,"lastFunction":4,"lastStatement":7,"seen":{"f:3:16:3:28":0,"b:3:43:3:48":0,"s:4:25:4:Infinity":0,"s:6:2:11:Infinity":1,"f:6:2:6:18":1,"s:7:15:9:Infinity":2,"f:7:15:7:32":2,"s:8:6:8:Infinity":3,"s:10:4:10:Infinity":4,"f:10:4:10:17":3,"s:10:17:10:Infinity":5,"s:13:2:13:Infinity":6},"fnNames":{}}}
,"C:\\Users\\1\\OneDrive\\Рабочий стол\\Otus\\КУРС JS PROFESSIONAL\\Book_Library\\book-library\\src\\hooks\\useFetch.js": {"path":"C:\\Users\\1\\OneDrive\\Рабочий стол\\Otus\\КУРС JS PROFESSIONAL\\Book_Library\\book-library\\src\\hooks\\useFetch.js","statementMap":{"0":{"start":{"line":4,"column":15},"end":{"line":4,"column":null}},"1":{"start":{"line":5,"column":18},"end":{"line":5,"column":null}},"2":{"start":{"line":6,"column":16},"end":{"line":6,"column":null}},"3":{"start":{"line":8,"column":2},"end":{"line":32,"column":null}},"4":{"start":{"line":9,"column":4},"end":{"line":9,"column":null}},"5":{"start":{"line":9,"column":14},"end":{"line":9,"column":null}},"6":{"start":{"line":11,"column":6},"end":{"line":28,"column":null}},"7":{"start":{"line":12,"column":8},"end":{"line":12,"column":null}},"8":{"start":{"line":13,"column":8},"end":{"line":13,"column":null}},"9":{"start":{"line":15,"column":20},"end":{"line":15,"column":null}},"10":{"start":{"line":17,"column":8},"end":{"line":19,"column":null}},"11":{"start":{"line":18,"column":10},"end":{"line":18,"column":null}},"12":{"start":{"line":21,"column":21},"end":{"line":21,"column":null}},"13":{"start":{"line":23,"column":8},"end":{"line":23,"column":null}},"14":{"start":{"line":25,"column":8},"end":{"line":25,"column":null}},"15":{"start":{"line":27,"column":8},"end":{"line":27,"column":null}},"16":{"start":{"line":31,"column":4},"end":{"line":31,"column":null}},"17":{"start":{"line":34,"column":2},"end":{"line":34,"column":null}}},"fnMap":{"0":{"name":"useFetch","decl":{"start":{"line":3,"column":16},"end":{"line":3,"column":25}},"loc":{"start":{"line":3,"column":30},"end":{"line":35,"column":null}},"line":3},"1":{"name":"(anonymous_1)","decl":{"start":{"line":8,"column":2},"end":{"line":8,"column":18}},"loc":{"start":{"line":8,"column":18},"end":{"line":32,"column":5}},"line":8},"2":{"name":"load","decl":{"start":{"line":10,"column":19},"end":{"line":10,"column":26}},"loc":{"start":{"line":10,"column":26},"end":{"line":29,"column":null}},"line":10}},"branchMap":{"0":{"loc":{"start":{"line":9,"column":4},"end":{"line":9,"column":null}},"type":"if","locations":[{"start":{"line":9,"column":4},"end":{"line":9,"column":null}},{"start":{},"end":{}}],"line":9},"1":{"loc":{"start":{"line":17,"column":8},"end":{"line":19,"column":null}},"type":"if","locations":[{"start":{"line":17,"column":8},"end":{"line":19,"column":null}},{"start":{},"end":{}}],"line":17}},"s":{"0":6,"1":6,"2":6,"3":6,"4":2,"5":0,"6":2,"7":2,"8":2,"9":2,"10":2,"11":1,"12":1,"13":1,"14":1,"15":2,"16":2,"17":6},"f":{"0":6,"1":2,"2":2},"b":{"0":[0,2],"1":[1,1]},"meta":{"lastBranch":2,"lastFunction":3,"lastStatement":18,"seen":{"f:3:16:3:25":0,"s:4:15:4:Infinity":0,"s:5:18:5:Infinity":1,"s:6:16:6:Infinity":2,"s:8:2:32:Infinity":3,"f:8:2:8:18":1,"b:9:4:9:Infinity:undefined:undefined:undefined:undefined":0,"s:9:4:9:Infinity":4,"s:9:14:9:Infinity":5,"f:10:19:10:26":2,"s:11:6:28:Infinity":6,"s:12:8:12:Infinity":7,"s:13:8:13:Infinity":8,"s:15:20:15:Infinity":9,"b:17:8:19:Infinity:undefined:undefined:undefined:undefined":1,"s:17:8:19:Infinity":10,"s:18:10:18:Infinity":11,"s:21:21:21:Infinity":12,"s:23:8:23:Infinity":13,"s:25:8:25:Infinity":14,"s:27:8:27:Infinity":15,"s:31:4:31:Infinity":16,"s:34:2:34:Infinity":17},"fnNames":{}}}
}
